e:\work\duilibstudy\remote\native\duilibstudy\src\dangerous\dangerous\debug\vc120.pdb
e:\work\duilibstudy\remote\native\duilibstudy\src\dangerous\dangerous\debug\vc120.idb
e:\work\duilibstudy\remote\native\duilibstudy\src\dangerous\dangerous\debug\abstarctmapfactory.obj
e:\work\duilibstudy\remote\native\duilibstudy\src\dangerous\dangerous\debug\abstractmap.obj
e:\work\duilibstudy\remote\native\duilibstudy\src\dangerous\dangerous\debug\abstractmapitem.obj
e:\work\duilibstudy\remote\native\duilibstudy\src\dangerous\dangerous\debug\amessagebox.obj
e:\work\duilibstudy\remote\native\duilibstudy\src\dangerous\dangerous\debug\classicmap.obj
e:\work\duilibstudy\remote\native\duilibstudy\src\dangerous\dangerous\debug\classicmapitem.obj
e:\work\duilibstudy\remote\native\duilibstudy\src\dangerous\dangerous\debug\commonutils.obj
e:\work\duilibstudy\remote\native\duilibstudy\src\dangerous\dangerous\debug\cppsqlite3.obj
e:\work\duilibstudy\remote\native\duilibstudy\src\dangerous\dangerous\debug\mainframewnd.obj
e:\work\duilibstudy\remote\native\duilibstudy\src\dangerous\dangerous\debug\duimenu.obj
e:\work\duilibstudy\remote\native\duilibstudy\src\dangerous\dangerous\debug\gameengine.obj
e:\work\duilibstudy\remote\native\duilibstudy\src\dangerous\dangerous\debug\licesewnd.obj
e:\work\duilibstudy\remote\native\duilibstudy\src\dangerous\dangerous\debug\main.obj
e:\work\duilibstudy\remote\native\duilibstudy\src\dangerous\dangerous\debug\mapconfigwnd.obj
e:\work\duilibstudy\remote\native\duilibstudy\src\dangerous\dangerous\debug\mapfactory.obj
e:\work\duilibstudy\remote\native\duilibstudy\src\dangerous\dangerous\debug\mapmanager.obj
e:\work\duilibstudy\remote\native\duilibstudy\src\dangerous\dangerous\debug\maptablewnd.obj
e:\work\duilibstudy\remote\native\duilibstudy\src\dangerous\dangerous\debug\setupwnd.obj
e:\work\duilibstudy\remote\native\duilibstudy\src\dangerous\dangerous\debug\subject.obj
e:\work\duilibstudy\remote\native\duilibstudy\out\debug\bin\dangerous.ilk
e:\work\duilibstudy\remote\native\duilibstudy\out\debug\bin\dangerous.exe
e:\work\duilibstudy\remote\native\duilibstudy\out\debug\bin\dangerous.pdb
e:\work\duilibstudy\remote\native\duilibstudy\src\dangerous\dangerous\debug\hellodui.res
e:\work\duilibstudy\remote\native\duilibstudy\src\dangerous\dangerous\..\..\..\out\debug\bin\dangerous.exe
e:\work\duilibstudy\remote\native\duilibstudy\src\dangerous\dangerous\debug\dangerous.tlog\cl.command.1.tlog
e:\work\duilibstudy\remote\native\duilibstudy\src\dangerous\dangerous\debug\dangerous.tlog\cl.read.1.tlog
e:\work\duilibstudy\remote\native\duilibstudy\src\dangerous\dangerous\debug\dangerous.tlog\cl.write.1.tlog
e:\work\duilibstudy\remote\native\duilibstudy\src\dangerous\dangerous\debug\dangerous.tlog\link.command.1.tlog
e:\work\duilibstudy\remote\native\duilibstudy\src\dangerous\dangerous\debug\dangerous.tlog\link.read.1.tlog
e:\work\duilibstudy\remote\native\duilibstudy\src\dangerous\dangerous\debug\dangerous.tlog\link.write.1.tlog
e:\work\duilibstudy\remote\native\duilibstudy\src\dangerous\dangerous\debug\dangerous.tlog\rc.command.1.tlog
e:\work\duilibstudy\remote\native\duilibstudy\src\dangerous\dangerous\debug\dangerous.tlog\rc.read.1.tlog
e:\work\duilibstudy\remote\native\duilibstudy\src\dangerous\dangerous\debug\dangerous.tlog\rc.write.1.tlog
