e:\work\duilibstudy\native\duilibstudy\src\hellodui\hellodui\debug\vc120.pdb
e:\work\duilibstudy\native\duilibstudy\src\hellodui\hellodui\debug\vc120.idb
e:\work\duilibstudy\native\duilibstudy\src\hellodui\hellodui\debug\abstarctmapfactory.obj
e:\work\duilibstudy\native\duilibstudy\src\hellodui\hellodui\debug\abstractmap.obj
e:\work\duilibstudy\native\duilibstudy\src\hellodui\hellodui\debug\abstractmapitem.obj
e:\work\duilibstudy\native\duilibstudy\src\hellodui\hellodui\debug\amessagebox.obj
e:\work\duilibstudy\native\duilibstudy\src\hellodui\hellodui\debug\classicmap.obj
e:\work\duilibstudy\native\duilibstudy\src\hellodui\hellodui\debug\classicmapitem.obj
e:\work\duilibstudy\native\duilibstudy\src\hellodui\hellodui\debug\commonutils.obj
e:\work\duilibstudy\native\duilibstudy\src\hellodui\hellodui\debug\cppsqlite3.obj
e:\work\duilibstudy\native\duilibstudy\src\hellodui\hellodui\debug\mainframewnd.obj
e:\work\duilibstudy\native\duilibstudy\src\hellodui\hellodui\debug\duimenu.obj
e:\work\duilibstudy\native\duilibstudy\src\hellodui\hellodui\debug\gameengine.obj
e:\work\duilibstudy\native\duilibstudy\src\hellodui\hellodui\debug\licesewnd.obj
e:\work\duilibstudy\native\duilibstudy\src\hellodui\hellodui\debug\main.obj
e:\work\duilibstudy\native\duilibstudy\src\hellodui\hellodui\debug\mapconfigwnd.obj
e:\work\duilibstudy\native\duilibstudy\src\hellodui\hellodui\debug\mapfactory.obj
e:\work\duilibstudy\native\duilibstudy\src\hellodui\hellodui\debug\mapmanager.obj
e:\work\duilibstudy\native\duilibstudy\src\hellodui\hellodui\debug\maptablewnd.obj
e:\work\duilibstudy\native\duilibstudy\src\hellodui\hellodui\debug\setupwnd.obj
e:\work\duilibstudy\native\duilibstudy\src\hellodui\hellodui\debug\subject.obj
e:\work\duilibstudy\native\duilibstudy\out\debug\bin\hellodui.ilk
e:\work\duilibstudy\native\duilibstudy\out\debug\bin\hellodui.exe
e:\work\duilibstudy\native\duilibstudy\out\debug\bin\hellodui.pdb
e:\work\duilibstudy\native\duilibstudy\src\hellodui\hellodui\debug\hellodui.res
e:\work\duilibstudy\native\duilibstudy\src\hellodui\hellodui\..\..\..\out\debug\bin\hellodui.exe
e:\work\duilibstudy\native\duilibstudy\src\hellodui\hellodui\debug\hellodui.tlog\cl.command.1.tlog
e:\work\duilibstudy\native\duilibstudy\src\hellodui\hellodui\debug\hellodui.tlog\cl.read.1.tlog
e:\work\duilibstudy\native\duilibstudy\src\hellodui\hellodui\debug\hellodui.tlog\cl.write.1.tlog
e:\work\duilibstudy\native\duilibstudy\src\hellodui\hellodui\debug\hellodui.tlog\link.command.1.tlog
e:\work\duilibstudy\native\duilibstudy\src\hellodui\hellodui\debug\hellodui.tlog\link.read.1.tlog
e:\work\duilibstudy\native\duilibstudy\src\hellodui\hellodui\debug\hellodui.tlog\link.write.1.tlog
e:\work\duilibstudy\native\duilibstudy\src\hellodui\hellodui\debug\hellodui.tlog\rc.command.1.tlog
e:\work\duilibstudy\native\duilibstudy\src\hellodui\hellodui\debug\hellodui.tlog\rc.read.1.tlog
e:\work\duilibstudy\native\duilibstudy\src\hellodui\hellodui\debug\hellodui.tlog\rc.write.1.tlog
