e:\work\duilibstudy\native\duilibstudy\src\dangerous\dangerous\release\vc120.pdb
e:\work\duilibstudy\native\duilibstudy\src\dangerous\dangerous\release\subject.obj
e:\work\duilibstudy\native\duilibstudy\src\dangerous\dangerous\release\setupwnd.obj
e:\work\duilibstudy\native\duilibstudy\src\dangerous\dangerous\release\mapmanager.obj
e:\work\duilibstudy\native\duilibstudy\src\dangerous\dangerous\release\mapfactory.obj
e:\work\duilibstudy\native\duilibstudy\src\dangerous\dangerous\release\mapconfigwnd.obj
e:\work\duilibstudy\native\duilibstudy\src\dangerous\dangerous\release\main.obj
e:\work\duilibstudy\native\duilibstudy\src\dangerous\dangerous\release\licesewnd.obj
e:\work\duilibstudy\native\duilibstudy\src\dangerous\dangerous\release\gameengine.obj
e:\work\duilibstudy\native\duilibstudy\src\dangerous\dangerous\release\duimenu.obj
e:\work\duilibstudy\native\duilibstudy\src\dangerous\dangerous\release\mainframewnd.obj
e:\work\duilibstudy\native\duilibstudy\src\dangerous\dangerous\release\cppsqlite3.obj
e:\work\duilibstudy\native\duilibstudy\src\dangerous\dangerous\release\commonutils.obj
e:\work\duilibstudy\native\duilibstudy\src\dangerous\dangerous\release\classicmapitem.obj
e:\work\duilibstudy\native\duilibstudy\src\dangerous\dangerous\release\classicmap.obj
e:\work\duilibstudy\native\duilibstudy\src\dangerous\dangerous\release\amessagebox.obj
e:\work\duilibstudy\native\duilibstudy\src\dangerous\dangerous\release\abstractmapitem.obj
e:\work\duilibstudy\native\duilibstudy\src\dangerous\dangerous\release\abstractmap.obj
e:\work\duilibstudy\native\duilibstudy\src\dangerous\dangerous\release\abstarctmapfactory.obj
e:\work\duilibstudy\native\duilibstudy\src\dangerous\dangerous\release\maptablewnd.obj
e:\work\duilibstudy\native\duilibstudy\out\release\bin\dangerous.exe
e:\work\duilibstudy\native\duilibstudy\out\release\bin\dangerous.pdb
e:\work\duilibstudy\native\duilibstudy\src\dangerous\dangerous\release\hellodui.res
e:\work\duilibstudy\native\duilibstudy\src\dangerous\dangerous\..\..\..\out\release\bin\dangerous.exe
e:\work\duilibstudy\native\duilibstudy\src\dangerous\dangerous\release\dangerous.tlog\cl.command.1.tlog
e:\work\duilibstudy\native\duilibstudy\src\dangerous\dangerous\release\dangerous.tlog\cl.read.1.tlog
e:\work\duilibstudy\native\duilibstudy\src\dangerous\dangerous\release\dangerous.tlog\cl.write.1.tlog
e:\work\duilibstudy\native\duilibstudy\src\dangerous\dangerous\release\dangerous.tlog\link.command.1.tlog
e:\work\duilibstudy\native\duilibstudy\src\dangerous\dangerous\release\dangerous.tlog\link.read.1.tlog
e:\work\duilibstudy\native\duilibstudy\src\dangerous\dangerous\release\dangerous.tlog\link.write.1.tlog
e:\work\duilibstudy\native\duilibstudy\src\dangerous\dangerous\release\dangerous.tlog\rc.command.1.tlog
e:\work\duilibstudy\native\duilibstudy\src\dangerous\dangerous\release\dangerous.tlog\rc.read.1.tlog
e:\work\duilibstudy\native\duilibstudy\src\dangerous\dangerous\release\dangerous.tlog\rc.write.1.tlog
