d:\projects\duilibstudy\src\hellodui\hellodui\release\vc120.pdb
d:\projects\duilibstudy\src\hellodui\hellodui\release\subject.obj
d:\projects\duilibstudy\src\hellodui\hellodui\release\mapmanager.obj
d:\projects\duilibstudy\src\hellodui\hellodui\release\mapfactory.obj
d:\projects\duilibstudy\src\hellodui\hellodui\release\mapconfigwnd.obj
d:\projects\duilibstudy\src\hellodui\hellodui\release\main.obj
d:\projects\duilibstudy\src\hellodui\hellodui\release\gameengine.obj
d:\projects\duilibstudy\src\hellodui\hellodui\release\duimenu.obj
d:\projects\duilibstudy\src\hellodui\hellodui\release\duiframewnd.obj
d:\projects\duilibstudy\src\hellodui\hellodui\release\cppsqlite3.obj
d:\projects\duilibstudy\src\hellodui\hellodui\release\commonutils.obj
d:\projects\duilibstudy\src\hellodui\hellodui\release\classicmapitem.obj
d:\projects\duilibstudy\src\hellodui\hellodui\release\classicmap.obj
d:\projects\duilibstudy\src\hellodui\hellodui\release\abstractmapitem.obj
d:\projects\duilibstudy\src\hellodui\hellodui\release\abstractmap.obj
d:\projects\duilibstudy\src\hellodui\hellodui\release\abstarctmapfactory.obj
d:\projects\duilibstudy\src\hellodui\hellodui\release\setupwnd.obj
d:\projects\duilibstudy\out\release\bin\hellodui.exe
d:\projects\duilibstudy\out\release\bin\hellodui.pdb
d:\projects\duilibstudy\src\hellodui\hellodui\release\hellodui.res
e:\work\duilibstudy\native\duilibstudy\src\hellodui\hellodui\release\abstarctmapfactory.obj
e:\work\duilibstudy\native\duilibstudy\src\hellodui\hellodui\release\abstractmap.obj
e:\work\duilibstudy\native\duilibstudy\src\hellodui\hellodui\release\abstractmapitem.obj
e:\work\duilibstudy\native\duilibstudy\src\hellodui\hellodui\release\classicmap.obj
e:\work\duilibstudy\native\duilibstudy\src\hellodui\hellodui\release\classicmapitem.obj
e:\work\duilibstudy\native\duilibstudy\src\hellodui\hellodui\release\commonutils.obj
e:\work\duilibstudy\native\duilibstudy\src\hellodui\hellodui\release\cppsqlite3.obj
e:\work\duilibstudy\native\duilibstudy\src\hellodui\hellodui\release\duiframewnd.obj
e:\work\duilibstudy\native\duilibstudy\src\hellodui\hellodui\release\duimenu.obj
e:\work\duilibstudy\native\duilibstudy\src\hellodui\hellodui\release\gameengine.obj
e:\work\duilibstudy\native\duilibstudy\src\hellodui\hellodui\release\main.obj
e:\work\duilibstudy\native\duilibstudy\src\hellodui\hellodui\release\mapconfigwnd.obj
e:\work\duilibstudy\native\duilibstudy\src\hellodui\hellodui\release\mapfactory.obj
e:\work\duilibstudy\native\duilibstudy\src\hellodui\hellodui\release\mapmanager.obj
e:\work\duilibstudy\native\duilibstudy\src\hellodui\hellodui\release\setupwnd.obj
e:\work\duilibstudy\native\duilibstudy\src\hellodui\hellodui\release\subject.obj
e:\work\duilibstudy\native\duilibstudy\src\hellodui\hellodui\release\hellodui.res
e:\work\duilibstudy\native\duilibstudy\src\hellodui\hellodui\release\vc120.pdb
e:\work\duilibstudy\native\duilibstudy\src\hellodui\hellodui\..\..\..\out\release\bin\hellodui.exe
e:\work\duilibstudy\native\duilibstudy\src\hellodui\hellodui\release\hellodui.tlog\cl.command.1.tlog
e:\work\duilibstudy\native\duilibstudy\src\hellodui\hellodui\release\hellodui.tlog\cl.read.1.tlog
e:\work\duilibstudy\native\duilibstudy\src\hellodui\hellodui\release\hellodui.tlog\cl.write.1.tlog
e:\work\duilibstudy\native\duilibstudy\src\hellodui\hellodui\release\hellodui.tlog\link.command.1.tlog
e:\work\duilibstudy\native\duilibstudy\src\hellodui\hellodui\release\hellodui.tlog\link.read.1.tlog
e:\work\duilibstudy\native\duilibstudy\src\hellodui\hellodui\release\hellodui.tlog\link.write.1.tlog
e:\work\duilibstudy\native\duilibstudy\src\hellodui\hellodui\release\hellodui.tlog\rc.command.1.tlog
e:\work\duilibstudy\native\duilibstudy\src\hellodui\hellodui\release\hellodui.tlog\rc.read.1.tlog
e:\work\duilibstudy\native\duilibstudy\src\hellodui\hellodui\release\hellodui.tlog\rc.write.1.tlog
